<?xml version="1.0" encoding="UTF-8"?>
<!-- Generated by org.testng.reporters.JUnitReportReporter -->
<testsuite hostname="DESKTOP-IU48NFJ" name="com.acttime.Hometest.HomeTest" tests="1" failures="0" timestamp="26 Dec 2018 05:26:36 GMT" time="10.631" errors="0">
  <testcase name="verifylogin" time="10.631" classname="com.acttime.Hometest.HomeTest"/>
</testsuite> <!-- com.acttime.Hometest.HomeTest -->
